Determining if the pthread_create exist failed with the following output:
Change Dir: /home/artyom/TP/CMakeFiles/CMakeTmp

Run Build Command:"/usr/bin/make" "cmTC_6f4ae/fast"
/usr/bin/make -f CMakeFiles/cmTC_6f4ae.dir/build.make CMakeFiles/cmTC_6f4ae.dir/build
make[1]: вход в каталог «/home/artyom/TP/CMakeFiles/CMakeTmp»
Building C object CMakeFiles/cmTC_6f4ae.dir/CheckSymbolExists.c.o
/usr/bin/cc    -o CMakeFiles/cmTC_6f4ae.dir/CheckSymbolExists.c.o   -c /home/artyom/TP/CMakeFiles/CMakeTmp/CheckSymbolExists.c
Linking C executable cmTC_6f4ae
/usr/bin/cmake -E cmake_link_script CMakeFiles/cmTC_6f4ae.dir/link.txt --verbose=1
/usr/bin/cc      -rdynamic CMakeFiles/cmTC_6f4ae.dir/CheckSymbolExists.c.o  -o cmTC_6f4ae 
CMakeFiles/cmTC_6f4ae.dir/CheckSymbolExists.c.o: In function `main':
CheckSymbolExists.c:(.text+0x1b): undefined reference to `pthread_create'
collect2: error: ld returned 1 exit status
CMakeFiles/cmTC_6f4ae.dir/build.make:97: recipe for target 'cmTC_6f4ae' failed
make[1]: *** [cmTC_6f4ae] Error 1
make[1]: выход из каталога «/home/artyom/TP/CMakeFiles/CMakeTmp»
Makefile:126: recipe for target 'cmTC_6f4ae/fast' failed
make: *** [cmTC_6f4ae/fast] Error 2

File /home/artyom/TP/CMakeFiles/CMakeTmp/CheckSymbolExists.c:
/* */
#include <pthread.h>

int main(int argc, char** argv)
{
  (void)argv;
#ifndef pthread_create
  return ((int*)(&pthread_create))[argc];
#else
  (void)argc;
  return 0;
#endif
}

Determining if the function pthread_create exists in the pthreads failed with the following output:
Change Dir: /home/artyom/TP/CMakeFiles/CMakeTmp

Run Build Command:"/usr/bin/make" "cmTC_04258/fast"
/usr/bin/make -f CMakeFiles/cmTC_04258.dir/build.make CMakeFiles/cmTC_04258.dir/build
make[1]: вход в каталог «/home/artyom/TP/CMakeFiles/CMakeTmp»
Building C object CMakeFiles/cmTC_04258.dir/CheckFunctionExists.c.o
/usr/bin/cc   -DCHECK_FUNCTION_EXISTS=pthread_create   -o CMakeFiles/cmTC_04258.dir/CheckFunctionExists.c.o   -c /usr/share/cmake-3.10/Modules/CheckFunctionExists.c
Linking C executable cmTC_04258
/usr/bin/cmake -E cmake_link_script CMakeFiles/cmTC_04258.dir/link.txt --verbose=1
/usr/bin/cc  -DCHECK_FUNCTION_EXISTS=pthread_create    -rdynamic CMakeFiles/cmTC_04258.dir/CheckFunctionExists.c.o  -o cmTC_04258 -lpthreads 
/usr/bin/ld: cannot find -lpthreads
collect2: error: ld returned 1 exit status
CMakeFiles/cmTC_04258.dir/build.make:97: recipe for target 'cmTC_04258' failed
make[1]: *** [cmTC_04258] Error 1
make[1]: выход из каталога «/home/artyom/TP/CMakeFiles/CMakeTmp»
Makefile:126: recipe for target 'cmTC_04258/fast' failed
make: *** [cmTC_04258/fast] Error 2


